app/build/intermediates/manifest_merge_blame_file/release/processReleaseMainManifest/manifest-merger-blame-release-report.txt
1<?xml version="1.0" encoding="utf-8"?>
2<manifest xmlns:android="http://schemas.android.com/apk/res/android"
3    package="com.example.batterystats"
4    android:versionCode="1"
5    android:versionName="1.0" >
6
7    <uses-sdk
8        android:minSdkVersion="24"
9        android:targetSdkVersion="34" />
10
11    <!-- Permission to ignore battery optimizations so the app can track accurately -->
12    <uses-permission android:name="android.permission.REQUEST_IGNORE_BATTERY_OPTIMIZATIONS" />
12-->src/main/AndroidManifest.xml:7:5-95
12-->src/main/AndroidManifest.xml:7:22-92
13
14    <!-- Permission to access usage statistics -->
15    <uses-permission android:name="android.permission.PACKAGE_USAGE_STATS" />
15-->src/main/AndroidManifest.xml:10:5-11:47
15-->src/main/AndroidManifest.xml:10:22-75
16
17    <!-- Permission to read battery stats -->
18    <uses-permission
18-->src/main/AndroidManifest.xml:14:5-15:70
19        android:name="android.permission.BATTERY_STATS"
19-->src/main/AndroidManifest.xml:14:22-69
20        android:protectionLevel="signature|privileged|development" />
20-->src/main/AndroidManifest.xml:15:9-67
21
22    <!-- Permission to start service on boot -->
23    <uses-permission android:name="android.permission.RECEIVE_BOOT_COMPLETED" />
23-->src/main/AndroidManifest.xml:18:5-81
23-->src/main/AndroidManifest.xml:18:22-78
24
25    <!-- Permission for foreground service -->
26    <uses-permission android:name="android.permission.FOREGROUND_SERVICE" />
26-->src/main/AndroidManifest.xml:21:5-77
26-->src/main/AndroidManifest.xml:21:22-74
27    <uses-permission android:name="android.permission.FOREGROUND_SERVICE_SPECIAL_USE" />
27-->src/main/AndroidManifest.xml:22:5-89
27-->src/main/AndroidManifest.xml:22:22-86
28
29    <permission
29-->[androidx.core:core:1.9.0] AndroidManifest.xml:22:5-24:47
30        android:name="com.example.batterystats.DYNAMIC_RECEIVER_NOT_EXPORTED_PERMISSION"
30-->[androidx.core:core:1.9.0] AndroidManifest.xml:23:9-81
31        android:protectionLevel="signature" />
31-->[androidx.core:core:1.9.0] AndroidManifest.xml:24:9-44
32
33    <uses-permission android:name="com.example.batterystats.DYNAMIC_RECEIVER_NOT_EXPORTED_PERMISSION" />
33-->[androidx.core:core:1.9.0] AndroidManifest.xml:26:5-97
33-->[androidx.core:core:1.9.0] AndroidManifest.xml:26:22-94
34
35    <application
35-->src/main/AndroidManifest.xml:24:5-62:19
36        android:allowBackup="true"
36-->src/main/AndroidManifest.xml:25:9-35
37        android:appComponentFactory="androidx.core.app.CoreComponentFactory"
37-->[androidx.core:core:1.9.0] AndroidManifest.xml:28:18-86
38        android:extractNativeLibs="false"
39        android:icon="@mipmap/ic_launcher"
39-->src/main/AndroidManifest.xml:26:9-43
40        android:label="@string/app_name"
40-->src/main/AndroidManifest.xml:27:9-41
41        android:roundIcon="@mipmap/ic_launcher_round"
41-->src/main/AndroidManifest.xml:28:9-54
42        android:supportsRtl="true"
42-->src/main/AndroidManifest.xml:29:9-35
43        android:theme="@style/Theme.BatteryStats" >
43-->src/main/AndroidManifest.xml:30:9-50
44        <activity
44-->src/main/AndroidManifest.xml:32:9-39:20
45            android:name="com.example.batterystats.MainActivity"
45-->src/main/AndroidManifest.xml:33:13-41
46            android:exported="true" >
46-->src/main/AndroidManifest.xml:34:13-36
47            <intent-filter>
47-->src/main/AndroidManifest.xml:35:13-38:29
48                <action android:name="android.intent.action.MAIN" />
48-->src/main/AndroidManifest.xml:36:17-69
48-->src/main/AndroidManifest.xml:36:25-66
49
50                <category android:name="android.intent.category.LAUNCHER" />
50-->src/main/AndroidManifest.xml:37:17-77
50-->src/main/AndroidManifest.xml:37:27-74
51            </intent-filter>
52        </activity>
53
54        <!-- Background service for battery monitoring -->
55        <service
55-->src/main/AndroidManifest.xml:42:9-50:19
56            android:name="com.example.batterystats.BatteryMonitorService"
56-->src/main/AndroidManifest.xml:43:13-50
57            android:enabled="true"
57-->src/main/AndroidManifest.xml:44:13-35
58            android:exported="false"
58-->src/main/AndroidManifest.xml:45:13-37
59            android:foregroundServiceType="specialUse" >
59-->src/main/AndroidManifest.xml:46:13-55
60            <property
60-->src/main/AndroidManifest.xml:47:13-49:69
61                android:name="android.app.PROPERTY_SPECIAL_USE_FGS_SUBTYPE"
61-->src/main/AndroidManifest.xml:48:17-76
62                android:value="Battery monitoring for statistics" />
62-->src/main/AndroidManifest.xml:49:17-66
63        </service>
64
65        <!-- Boot receiver to start service after device restart -->
66        <receiver
66-->src/main/AndroidManifest.xml:53:9-60:20
67            android:name="com.example.batterystats.BootReceiver"
67-->src/main/AndroidManifest.xml:54:13-41
68            android:enabled="true"
68-->src/main/AndroidManifest.xml:55:13-35
69            android:exported="true" >
69-->src/main/AndroidManifest.xml:56:13-36
70            <intent-filter>
70-->src/main/AndroidManifest.xml:57:13-59:29
71                <action android:name="android.intent.action.BOOT_COMPLETED" />
71-->src/main/AndroidManifest.xml:58:17-79
71-->src/main/AndroidManifest.xml:58:25-76
72            </intent-filter>
73        </receiver>
74
75        <provider
75-->[androidx.emoji2:emoji2:1.2.0] AndroidManifest.xml:24:9-32:20
76            android:name="androidx.startup.InitializationProvider"
76-->[androidx.emoji2:emoji2:1.2.0] AndroidManifest.xml:25:13-67
77            android:authorities="com.example.batterystats.androidx-startup"
77-->[androidx.emoji2:emoji2:1.2.0] AndroidManifest.xml:26:13-68
78            android:exported="false" >
78-->[androidx.emoji2:emoji2:1.2.0] AndroidManifest.xml:27:13-37
79            <meta-data
79-->[androidx.emoji2:emoji2:1.2.0] AndroidManifest.xml:29:13-31:52
80                android:name="androidx.emoji2.text.EmojiCompatInitializer"
80-->[androidx.emoji2:emoji2:1.2.0] AndroidManifest.xml:30:17-75
81                android:value="androidx.startup" />
81-->[androidx.emoji2:emoji2:1.2.0] AndroidManifest.xml:31:17-49
82            <meta-data
82-->[androidx.lifecycle:lifecycle-process:2.6.1] AndroidManifest.xml:29:13-31:52
83                android:name="androidx.lifecycle.ProcessLifecycleInitializer"
83-->[androidx.lifecycle:lifecycle-process:2.6.1] AndroidManifest.xml:30:17-78
84                android:value="androidx.startup" />
84-->[androidx.lifecycle:lifecycle-process:2.6.1] AndroidManifest.xml:31:17-49
85            <meta-data
85-->[androidx.profileinstaller:profileinstaller:1.3.0] AndroidManifest.xml:29:13-31:52
86                android:name="androidx.profileinstaller.ProfileInstallerInitializer"
86-->[androidx.profileinstaller:profileinstaller:1.3.0] AndroidManifest.xml:30:17-85
87                android:value="androidx.startup" />
87-->[androidx.profileinstaller:profileinstaller:1.3.0] AndroidManifest.xml:31:17-49
88        </provider>
89
90        <receiver
90-->[androidx.profileinstaller:profileinstaller:1.3.0] AndroidManifest.xml:34:9-52:20
91            android:name="androidx.profileinstaller.ProfileInstallReceiver"
91-->[androidx.profileinstaller:profileinstaller:1.3.0] AndroidManifest.xml:35:13-76
92            android:directBootAware="false"
92-->[androidx.profileinstaller:profileinstaller:1.3.0] AndroidManifest.xml:36:13-44
93            android:enabled="true"
93-->[androidx.profileinstaller:profileinstaller:1.3.0] AndroidManifest.xml:37:13-35
94            android:exported="true"
94-->[androidx.profileinstaller:profileinstaller:1.3.0] AndroidManifest.xml:38:13-36
95            android:permission="android.permission.DUMP" >
95-->[androidx.profileinstaller:profileinstaller:1.3.0] AndroidManifest.xml:39:13-57
96            <intent-filter>
96-->[androidx.profileinstaller:profileinstaller:1.3.0] AndroidManifest.xml:40:13-42:29
97                <action android:name="androidx.profileinstaller.action.INSTALL_PROFILE" />
97-->[androidx.profileinstaller:profileinstaller:1.3.0] AndroidManifest.xml:41:17-91
97-->[androidx.profileinstaller:profileinstaller:1.3.0] AndroidManifest.xml:41:25-88
98            </intent-filter>
99            <intent-filter>
99-->[androidx.profileinstaller:profileinstaller:1.3.0] AndroidManifest.xml:43:13-45:29
100                <action android:name="androidx.profileinstaller.action.SKIP_FILE" />
100-->[androidx.profileinstaller:profileinstaller:1.3.0] AndroidManifest.xml:44:17-85
100-->[androidx.profileinstaller:profileinstaller:1.3.0] AndroidManifest.xml:44:25-82
101            </intent-filter>
102            <intent-filter>
102-->[androidx.profileinstaller:profileinstaller:1.3.0] AndroidManifest.xml:46:13-48:29
103                <action android:name="androidx.profileinstaller.action.SAVE_PROFILE" />
103-->[androidx.profileinstaller:profileinstaller:1.3.0] AndroidManifest.xml:47:17-88
103-->[androidx.profileinstaller:profileinstaller:1.3.0] AndroidManifest.xml:47:25-85
104            </intent-filter>
105            <intent-filter>
105-->[androidx.profileinstaller:profileinstaller:1.3.0] AndroidManifest.xml:49:13-51:29
106                <action android:name="androidx.profileinstaller.action.BENCHMARK_OPERATION" />
106-->[androidx.profileinstaller:profileinstaller:1.3.0] AndroidManifest.xml:50:17-95
106-->[androidx.profileinstaller:profileinstaller:1.3.0] AndroidManifest.xml:50:25-92
107            </intent-filter>
108        </receiver>
109    </application>
110
111</manifest>